2025/08/18 14:54:24 PWD: rdb123
2025/08/18 14:54:24 URL: valkey:6379
2025/08/18 14:54:24 Checking previous date processed in cache
2025/08/18 14:54:24 Resuming from last processed date: 2025-06-29
2025/08/18 14:54:24 **** currentDate **** 2025-06-29 00:00:00 +0000 UTC
2025/08/18 14:54:24 Processing date: 2025-06-29
2025/08/18 14:54:24 Making request to URL: https://hapi.fhir.org/baseR4/Encounter?date=2025-06-29
2025/08/18 14:54:25 ***** Bundle Encounter: {[]}
2025/08/18 14:54:25 Nenhum encontro encontrado para a data: 2025-06-29
2025/08/18 14:54:25 Processing date: 2025-06-30
2025/08/18 14:54:25 Making request to URL: https://hapi.fhir.org/baseR4/Encounter?date=2025-06-30
2025/08/18 14:54:26 ***** Bundle Encounter: {[]}
2025/08/18 14:54:26 Nenhum encontro encontrado para a data: 2025-06-30
2025/08/18 14:54:26 Processing date: 2025-07-01
2025/08/18 14:54:26 Making request to URL: https://hapi.fhir.org/baseR4/Encounter?date=2025-07-01
2025/08/18 14:54:31 PWD: rdb123
2025/08/18 14:54:31 URL: valkey:6379
2025/08/18 14:54:31 Checking previous date processed in cache
2025/08/18 14:54:31 Resuming from last processed date: 2025-06-30
2025/08/18 14:54:31 **** currentDate **** 2025-06-30 00:00:00 +0000 UTC
2025/08/18 14:54:31 Processing date: 2025-06-30
2025/08/18 14:54:31 Making request to URL: https://hapi.fhir.org/baseR4/Encounter?date=2025-06-30
2025/08/18 14:57:56 Checking previous date processed in cache
2025/08/18 14:57:56 No last processed date found, starting from START_DATE: 2025-06-14
2025/08/18 14:57:56 **** currentDate **** 2025-06-14 00:00:00 +0000 UTC
2025/08/18 14:57:56 Processing date: 2025-06-14
2025/08/18 14:57:56 Making request to URL: https://hapi.fhir.org/baseR4/Encounter?date=2025-06-14
2025/08/18 14:57:57 Nenhum encontro encontrado para a data: 2025-06-14
2025/08/18 14:57:57 Processing date: 2025-06-15
2025/08/18 14:57:57 Making request to URL: https://hapi.fhir.org/baseR4/Encounter?date=2025-06-15
2025/08/18 14:57:57 Nenhum encontro encontrado para a data: 2025-06-15
2025/08/18 14:57:57 Processing date: 2025-06-16
2025/08/18 14:57:57 Making request to URL: https://hapi.fhir.org/baseR4/Encounter?date=2025-06-16
2025/08/18 14:57:58 Buscando practitioner de: https://hapi.fhir.org/baseR4/Practitioner/2b373c5c-0fbf-4167-875b-47ee7fc5cd5d
2025/08/18 14:57:58 Making request to URL: https://hapi.fhir.org/baseR4/Practitioner/2b373c5c-0fbf-4167-875b-47ee7fc5cd5d
2025/08/18 14:57:58 Buscando practitioner de: https://hapi.fhir.org/baseR4/Practitioner/2b373c5c-0fbf-4167-875b-47ee7fc5cd5d
2025/08/18 14:57:58 Making request to URL: https://hapi.fhir.org/baseR4/Practitioner/2b373c5c-0fbf-4167-875b-47ee7fc5cd5d
2025/08/18 14:57:59 Buscando paciente de: https://hapi.fhir.org/baseR4/Patient/2e7e0fe3-f0bf-4e0a-8228-b8e7fcec8c82
2025/08/18 14:57:59 Making request to URL: https://hapi.fhir.org/baseR4/Patient/2e7e0fe3-f0bf-4e0a-8228-b8e7fcec8c82
2025/08/18 14:57:59 Buscando paciente de: https://hapi.fhir.org/baseR4/Patient/2e7e0fe3-f0bf-4e0a-8228-b8e7fcec8c82
2025/08/18 14:57:59 Making request to URL: https://hapi.fhir.org/baseR4/Patient/2e7e0fe3-f0bf-4e0a-8228-b8e7fcec8c82
2025/08/18 14:58:00 Mensagem sendo enviada: {
  "encounter": {
    "fhirId": "48372341",
    "fullUrl": "https://hapi.fhir.org/baseR4/Encounter/48372341",
    "status": "finished",
    "class": "VR",
    "period": {
      "start": "2025-06-16T09:00:00+02:00",
      "end": "2025-06-16T09:45:00+02:00"
    },
    "practitionerId": "2b373c5c-0fbf-4167-875b-47ee7fc5cd5d",
    "patientId": "2e7e0fe3-f0bf-4e0a-8228-b8e7fcec8c82"
  },
  "practitioner": {
    "fhirId": "2b373c5c-0fbf-4167-875b-47ee7fc5cd5d",
    "givenName": "John",
    "familyName": "Doe"
  },
  "patient": {
    "id": "2e7e0fe3-f0bf-4e0a-8228-b8e7fcec8c82",
    "givenName": "Mario",
    "familyName": "Verdi",
    "birthDate": "",
    "gender": ""
  }
}
2025/08/18 14:58:00 Sending message to SQS for client 002
2025/08/18 14:58:00 Message successfully sent to SQS for client 002
2025/08/18 14:58:00 Mensagem sendo enviada: {
  "encounter": {
    "fhirId": "48372285",
    "fullUrl": "https://hapi.fhir.org/baseR4/Encounter/48372285",
    "status": "finished",
    "class": "VR",
    "period": {
      "start": "2025-06-16T09:00:00+02:00",
      "end": "2025-06-16T09:45:00+02:00"
    },
    "practitionerId": "2b373c5c-0fbf-4167-875b-47ee7fc5cd5d",
    "patientId": "2e7e0fe3-f0bf-4e0a-8228-b8e7fcec8c82"
  },
  "practitioner": {
    "fhirId": "2b373c5c-0fbf-4167-875b-47ee7fc5cd5d",
    "givenName": "John",
    "familyName": "Doe"
  },
  "patient": {
    "id": "2e7e0fe3-f0bf-4e0a-8228-b8e7fcec8c82",
    "givenName": "Mario",
    "familyName": "Verdi",
    "birthDate": "",
    "gender": ""
  }
}
2025/08/18 14:58:00 Sending message to SQS for client 001
2025/08/18 14:58:00 Message successfully sent to SQS for client 001
2025/08/18 14:58:00 Processing date: 2025-06-17
2025/08/18 14:58:00 Making request to URL: https://hapi.fhir.org/baseR4/Encounter?date=2025-06-17
2025/08/18 14:58:02 Nenhum encontro encontrado para a data: 2025-06-17
2025/08/18 14:58:02 Processing date: 2025-06-18
2025/08/18 14:58:02 Making request to URL: https://hapi.fhir.org/baseR4/Encounter?date=2025-06-18
2025/08/18 14:58:02 Invalid encounter found, adding to invalid_encounters set: https://hapi.fhir.org/baseR4/Encounter/48309442
2025/08/18 14:58:02 Processing date: 2025-06-19
2025/08/18 14:58:02 Making request to URL: https://hapi.fhir.org/baseR4/Encounter?date=2025-06-19
2025/08/18 14:58:03 Nenhum encontro encontrado para a data: 2025-06-19
2025/08/18 14:58:03 Processing date: 2025-06-20
2025/08/18 14:58:03 Making request to URL: https://hapi.fhir.org/baseR4/Encounter?date=2025-06-20
2025/08/18 14:58:04 Buscando practitioner de: https://hapi.fhir.org/baseR4/Practitioner/47972353
2025/08/18 14:58:04 Making request to URL: https://hapi.fhir.org/baseR4/Practitioner/47972353
2025/08/18 14:58:05 Buscando paciente de: https://hapi.fhir.org/baseR4/Patient/47972352
2025/08/18 14:58:05 Making request to URL: https://hapi.fhir.org/baseR4/Patient/47972352
2025/08/18 14:58:06 Mensagem sendo enviada: {
  "encounter": {
    "fhirId": "47972354",
    "fullUrl": "https://hapi.fhir.org/baseR4/Encounter/47972354",
    "status": "finished",
    "class": "AMB",
    "period": {
      "start": "2025-06-20T16:01:01-04:00",
      "end": "2025-06-20T16:01:01-04:00"
    },
    "practitionerId": "47972353",
    "patientId": "47972352"
  },
  "practitioner": {
    "fhirId": "47972353",
    "givenName": "Emily",
    "familyName": "Carter"
  },
  "patient": {
    "id": "47972352",
    "givenName": "Neil",
    "familyName": "Sanders",
    "birthDate": "1984-07-19",
    "gender": "male"
  }
}
2025/08/18 14:58:06 Sending message to SQS for client 001
2025/08/18 14:58:06 Message successfully sent to SQS for client 001
2025/08/18 14:58:06 Processing date: 2025-06-21
2025/08/18 14:58:06 Making request to URL: https://hapi.fhir.org/baseR4/Encounter?date=2025-06-21
2025/08/18 14:58:07 Invalid encounter found, adding to invalid_encounters set: https://hapi.fhir.org/baseR4/Encounter/47972923
2025/08/18 14:58:07 Processing date: 2025-06-22
2025/08/18 14:58:07 Making request to URL: https://hapi.fhir.org/baseR4/Encounter?date=2025-06-22
2025/08/18 14:58:08 Nenhum encontro encontrado para a data: 2025-06-22
2025/08/18 14:58:08 Processing date: 2025-06-23
2025/08/18 14:58:08 Making request to URL: https://hapi.fhir.org/baseR4/Encounter?date=2025-06-23
2025/08/18 14:58:09 Nenhum encontro encontrado para a data: 2025-06-23
2025/08/18 14:58:09 Processing date: 2025-06-24
2025/08/18 14:58:09 Making request to URL: https://hapi.fhir.org/baseR4/Encounter?date=2025-06-24
2025/08/18 14:58:10 Buscando practitioner de: https://hapi.fhir.org/baseR4/Practitioner/2051
2025/08/18 14:58:10 Making request to URL: https://hapi.fhir.org/baseR4/Practitioner/2051
2025/08/18 14:58:12 Checking previous date processed in cache
2025/08/18 14:58:12 Resuming from last processed date: 2025-06-23
2025/08/18 14:58:12 **** currentDate **** 2025-06-23 00:00:00 +0000 UTC
2025/08/18 14:58:12 Processing date: 2025-06-23
2025/08/18 14:58:12 Making request to URL: https://hapi.fhir.org/baseR4/Encounter?date=2025-06-23
2025/08/18 14:58:12 Nenhum encontro encontrado para a data: 2025-06-23
2025/08/18 14:58:12 Processing date: 2025-06-24
2025/08/18 14:58:12 Making request to URL: https://hapi.fhir.org/baseR4/Encounter?date=2025-06-24
2025/08/18 14:58:14 Buscando practitioner de: https://hapi.fhir.org/baseR4/Practitioner/2051
2025/08/18 14:58:14 Making request to URL: https://hapi.fhir.org/baseR4/Practitioner/2051
2025/08/18 14:58:15 Checking previous date processed in cache
2025/08/18 14:58:15 Resuming from last processed date: 2025-06-23
2025/08/18 14:58:15 **** currentDate **** 2025-06-23 00:00:00 +0000 UTC
2025/08/18 14:58:15 Processing date: 2025-06-23
2025/08/18 14:58:15 Making request to URL: https://hapi.fhir.org/baseR4/Encounter?date=2025-06-23
2025/08/18 14:58:16 Nenhum encontro encontrado para a data: 2025-06-23
2025/08/18 14:58:16 Processing date: 2025-06-24
2025/08/18 14:58:16 Making request to URL: https://hapi.fhir.org/baseR4/Encounter?date=2025-06-24
2025/08/18 14:58:17 Buscando practitioner de: https://hapi.fhir.org/baseR4/Practitioner/2051
2025/08/18 14:58:17 Making request to URL: https://hapi.fhir.org/baseR4/Practitioner/2051
2025/08/18 14:58:19 Checking previous date processed in cache
2025/08/18 14:58:19 Resuming from last processed date: 2025-06-23
2025/08/18 14:58:19 **** currentDate **** 2025-06-23 00:00:00 +0000 UTC
2025/08/18 14:58:19 Processing date: 2025-06-23
2025/08/18 14:58:19 Making request to URL: https://hapi.fhir.org/baseR4/Encounter?date=2025-06-23
2025/08/18 14:58:19 Nenhum encontro encontrado para a data: 2025-06-23
2025/08/18 14:58:19 Processing date: 2025-06-24
2025/08/18 14:58:19 Making request to URL: https://hapi.fhir.org/baseR4/Encounter?date=2025-06-24
2025/08/18 14:58:20 Buscando practitioner de: https://hapi.fhir.org/baseR4/Practitioner/2051
2025/08/18 14:58:20 Making request to URL: https://hapi.fhir.org/baseR4/Practitioner/2051
2025/08/18 14:58:22 Checking previous date processed in cache
2025/08/18 14:58:22 Resuming from last processed date: 2025-06-23
2025/08/18 14:58:22 **** currentDate **** 2025-06-23 00:00:00 +0000 UTC
2025/08/18 14:58:22 Processing date: 2025-06-23
2025/08/18 14:58:22 Making request to URL: https://hapi.fhir.org/baseR4/Encounter?date=2025-06-23
2025/08/18 14:58:23 Nenhum encontro encontrado para a data: 2025-06-23
2025/08/18 14:58:23 Processing date: 2025-06-24
2025/08/18 14:58:23 Making request to URL: https://hapi.fhir.org/baseR4/Encounter?date=2025-06-24
2025/08/18 14:58:24 Buscando practitioner de: https://hapi.fhir.org/baseR4/Practitioner/2051
2025/08/18 14:58:24 Making request to URL: https://hapi.fhir.org/baseR4/Practitioner/2051
2025/08/18 14:58:27 Checking previous date processed in cache
2025/08/18 14:58:27 Resuming from last processed date: 2025-06-23
2025/08/18 14:58:27 **** currentDate **** 2025-06-23 00:00:00 +0000 UTC
2025/08/18 14:58:27 Processing date: 2025-06-23
2025/08/18 14:58:27 Making request to URL: https://hapi.fhir.org/baseR4/Encounter?date=2025-06-23
2025/08/18 14:58:28 Nenhum encontro encontrado para a data: 2025-06-23
2025/08/18 14:58:28 Processing date: 2025-06-24
2025/08/18 14:58:28 Making request to URL: https://hapi.fhir.org/baseR4/Encounter?date=2025-06-24
2025/08/18 14:58:29 Buscando practitioner de: https://hapi.fhir.org/baseR4/Practitioner/2051
2025/08/18 14:58:29 Making request to URL: https://hapi.fhir.org/baseR4/Practitioner/2051
2025/08/18 14:58:34 Checking previous date processed in cache
2025/08/18 14:58:34 Resuming from last processed date: 2025-06-24
2025/08/18 14:58:34 **** currentDate **** 2025-06-24 00:00:00 +0000 UTC
2025/08/18 14:58:34 Processing date: 2025-06-24
2025/08/18 14:58:34 Making request to URL: https://hapi.fhir.org/baseR4/Encounter?date=2025-06-24
2025/08/18 14:58:34 Buscando practitioner de: https://hapi.fhir.org/baseR4/Practitioner/2051
2025/08/18 14:58:34 Making request to URL: https://hapi.fhir.org/baseR4/Practitioner/2051
2025/08/18 14:58:42 Checking previous date processed in cache
2025/08/18 14:58:42 Resuming from last processed date: 2025-06-24
2025/08/18 14:58:42 **** currentDate **** 2025-06-24 00:00:00 +0000 UTC
2025/08/18 14:58:42 Processing date: 2025-06-24
2025/08/18 14:58:42 Making request to URL: https://hapi.fhir.org/baseR4/Encounter?date=2025-06-24
2025/08/18 14:58:43 Buscando practitioner de: https://hapi.fhir.org/baseR4/Practitioner/2051
2025/08/18 14:58:43 Making request to URL: https://hapi.fhir.org/baseR4/Practitioner/2051
2025/08/18 15:17:03 Checking previous date processed in cache
2025/08/18 15:17:03 No last processed date found, starting from START_DATE: 2025-06-14
2025/08/18 15:17:03 **** currentDate **** 2025-06-14 00:00:00 +0000 UTC
2025/08/18 15:17:03 Processing date: 2025-06-14
2025/08/18 15:17:03 Making request to URL: https://hapi.fhir.org/baseR4/Encounter?date=2025-06-14
2025/08/18 15:17:03 Nenhum encontro encontrado para a data: 2025-06-14
2025/08/18 15:17:03 Processing date: 2025-06-15
2025/08/18 15:17:03 Making request to URL: https://hapi.fhir.org/baseR4/Encounter?date=2025-06-15
2025/08/18 15:17:04 Nenhum encontro encontrado para a data: 2025-06-15
2025/08/18 15:17:04 Processing date: 2025-06-16
2025/08/18 15:17:04 Making request to URL: https://hapi.fhir.org/baseR4/Encounter?date=2025-06-16
2025/08/18 15:17:05 Buscando practitioner de: https://hapi.fhir.org/baseR4/Practitioner/2b373c5c-0fbf-4167-875b-47ee7fc5cd5d
2025/08/18 15:17:05 Making request to URL: https://hapi.fhir.org/baseR4/Practitioner/2b373c5c-0fbf-4167-875b-47ee7fc5cd5d
2025/08/18 15:17:05 Buscando practitioner de: https://hapi.fhir.org/baseR4/Practitioner/2b373c5c-0fbf-4167-875b-47ee7fc5cd5d
2025/08/18 15:17:05 Making request to URL: https://hapi.fhir.org/baseR4/Practitioner/2b373c5c-0fbf-4167-875b-47ee7fc5cd5d
2025/08/18 15:17:06 Buscando paciente de: https://hapi.fhir.org/baseR4/Patient/2e7e0fe3-f0bf-4e0a-8228-b8e7fcec8c82
2025/08/18 15:17:06 Making request to URL: https://hapi.fhir.org/baseR4/Patient/2e7e0fe3-f0bf-4e0a-8228-b8e7fcec8c82
2025/08/18 15:17:06 Buscando paciente de: https://hapi.fhir.org/baseR4/Patient/2e7e0fe3-f0bf-4e0a-8228-b8e7fcec8c82
2025/08/18 15:17:06 Making request to URL: https://hapi.fhir.org/baseR4/Patient/2e7e0fe3-f0bf-4e0a-8228-b8e7fcec8c82
2025/08/18 15:17:07 Mensagem sendo enviada: {
  "encounter": {
    "fhirId": "48372285",
    "fullUrl": "https://hapi.fhir.org/baseR4/Encounter/48372285",
    "status": "finished",
    "class": "VR",
    "period": {
      "start": "2025-06-16T09:00:00+02:00",
      "end": "2025-06-16T09:45:00+02:00"
    },
    "practitionerId": "2b373c5c-0fbf-4167-875b-47ee7fc5cd5d",
    "patientId": "2e7e0fe3-f0bf-4e0a-8228-b8e7fcec8c82"
  },
  "practitioner": {
    "fhirId": "2b373c5c-0fbf-4167-875b-47ee7fc5cd5d",
    "givenName": "John",
    "familyName": "Doe"
  },
  "patient": {
    "id": "2e7e0fe3-f0bf-4e0a-8228-b8e7fcec8c82",
    "givenName": "Mario",
    "familyName": "Verdi",
    "birthDate": "",
    "gender": ""
  }
}
2025/08/18 15:17:07 Sending message to SQS for client 001
2025/08/18 15:17:07 Message successfully sent to SQS for client 001
2025/08/18 15:17:07 Mensagem sendo enviada: {
  "encounter": {
    "fhirId": "48372341",
    "fullUrl": "https://hapi.fhir.org/baseR4/Encounter/48372341",
    "status": "finished",
    "class": "VR",
    "period": {
      "start": "2025-06-16T09:00:00+02:00",
      "end": "2025-06-16T09:45:00+02:00"
    },
    "practitionerId": "2b373c5c-0fbf-4167-875b-47ee7fc5cd5d",
    "patientId": "2e7e0fe3-f0bf-4e0a-8228-b8e7fcec8c82"
  },
  "practitioner": {
    "fhirId": "2b373c5c-0fbf-4167-875b-47ee7fc5cd5d",
    "givenName": "John",
    "familyName": "Doe"
  },
  "patient": {
    "id": "2e7e0fe3-f0bf-4e0a-8228-b8e7fcec8c82",
    "givenName": "Mario",
    "familyName": "Verdi",
    "birthDate": "",
    "gender": ""
  }
}
2025/08/18 15:17:07 Sending message to SQS for client 002
2025/08/18 15:17:07 Message successfully sent to SQS for client 002
2025/08/18 15:17:07 Processing date: 2025-06-17
2025/08/18 15:17:07 Making request to URL: https://hapi.fhir.org/baseR4/Encounter?date=2025-06-17
2025/08/18 15:17:08 Nenhum encontro encontrado para a data: 2025-06-17
2025/08/18 15:17:08 Processing date: 2025-06-18
2025/08/18 15:17:08 Making request to URL: https://hapi.fhir.org/baseR4/Encounter?date=2025-06-18
2025/08/18 15:17:09 Invalid encounter found, adding to invalid_encounters set: https://hapi.fhir.org/baseR4/Encounter/48309442
2025/08/18 15:17:09 Processing date: 2025-06-19
2025/08/18 15:17:09 Making request to URL: https://hapi.fhir.org/baseR4/Encounter?date=2025-06-19
2025/08/18 15:17:10 Nenhum encontro encontrado para a data: 2025-06-19
2025/08/18 15:17:10 Processing date: 2025-06-20
2025/08/18 15:17:10 Making request to URL: https://hapi.fhir.org/baseR4/Encounter?date=2025-06-20
2025/08/18 15:17:11 Buscando practitioner de: https://hapi.fhir.org/baseR4/Practitioner/47972353
2025/08/18 15:17:11 Making request to URL: https://hapi.fhir.org/baseR4/Practitioner/47972353
2025/08/18 15:17:12 Buscando paciente de: https://hapi.fhir.org/baseR4/Patient/47972352
2025/08/18 15:17:12 Making request to URL: https://hapi.fhir.org/baseR4/Patient/47972352
2025/08/18 15:17:13 Mensagem sendo enviada: {
  "encounter": {
    "fhirId": "47972354",
    "fullUrl": "https://hapi.fhir.org/baseR4/Encounter/47972354",
    "status": "finished",
    "class": "AMB",
    "period": {
      "start": "2025-06-20T16:01:01-04:00",
      "end": "2025-06-20T16:01:01-04:00"
    },
    "practitionerId": "47972353",
    "patientId": "47972352"
  },
  "practitioner": {
    "fhirId": "47972353",
    "givenName": "Emily",
    "familyName": "Carter"
  },
  "patient": {
    "id": "47972352",
    "givenName": "Neil",
    "familyName": "Sanders",
    "birthDate": "1984-07-19",
    "gender": "male"
  }
}
2025/08/18 15:17:13 Sending message to SQS for client 001
2025/08/18 15:17:13 Message successfully sent to SQS for client 001
2025/08/18 15:17:13 Processing date: 2025-06-21
2025/08/18 15:17:13 Making request to URL: https://hapi.fhir.org/baseR4/Encounter?date=2025-06-21
2025/08/18 15:17:14 Invalid encounter found, adding to invalid_encounters set: https://hapi.fhir.org/baseR4/Encounter/47972923
2025/08/18 15:17:14 Processing date: 2025-06-22
2025/08/18 15:17:14 Making request to URL: https://hapi.fhir.org/baseR4/Encounter?date=2025-06-22
2025/08/18 15:17:15 Nenhum encontro encontrado para a data: 2025-06-22
2025/08/18 15:17:15 Processing date: 2025-06-23
2025/08/18 15:17:16 Making request to URL: https://hapi.fhir.org/baseR4/Encounter?date=2025-06-23
2025/08/18 15:17:16 Nenhum encontro encontrado para a data: 2025-06-23
2025/08/18 15:17:16 Processing date: 2025-06-24
2025/08/18 15:17:16 Making request to URL: https://hapi.fhir.org/baseR4/Encounter?date=2025-06-24
2025/08/18 15:17:17 Buscando practitioner de: https://hapi.fhir.org/baseR4/Practitioner/2051
2025/08/18 15:17:17 Making request to URL: https://hapi.fhir.org/baseR4/Practitioner/2051
2025/08/18 15:17:18 Practitioner inválido: Practitioner/2051
2025/08/18 15:17:18 Processing date: 2025-06-25
2025/08/18 15:17:18 Making request to URL: https://hapi.fhir.org/baseR4/Encounter?date=2025-06-25
2025/08/18 15:17:19 Nenhum encontro encontrado para a data: 2025-06-25
2025/08/18 15:17:19 Processing date: 2025-06-26
2025/08/18 15:17:19 Making request to URL: https://hapi.fhir.org/baseR4/Encounter?date=2025-06-26
2025/08/18 15:17:20 Nenhum encontro encontrado para a data: 2025-06-26
2025/08/18 15:17:20 Processing date: 2025-06-27
2025/08/18 15:17:20 Making request to URL: https://hapi.fhir.org/baseR4/Encounter?date=2025-06-27
2025/08/18 15:17:21 Nenhum encontro encontrado para a data: 2025-06-27
2025/08/18 15:17:21 Processing date: 2025-06-28
2025/08/18 15:17:21 Making request to URL: https://hapi.fhir.org/baseR4/Encounter?date=2025-06-28
2025/08/18 15:17:22 Invalid encounter found, adding to invalid_encounters set: https://hapi.fhir.org/baseR4/Encounter/48309433
2025/08/18 15:17:22 Processing date: 2025-06-29
2025/08/18 15:17:22 Making request to URL: https://hapi.fhir.org/baseR4/Encounter?date=2025-06-29
2025/08/18 15:17:23 Nenhum encontro encontrado para a data: 2025-06-29
2025/08/18 15:17:23 Processing date: 2025-06-30
2025/08/18 15:17:23 Making request to URL: https://hapi.fhir.org/baseR4/Encounter?date=2025-06-30
2025/08/18 15:17:24 Nenhum encontro encontrado para a data: 2025-06-30
2025/08/18 15:17:24 Processing date: 2025-07-01
2025/08/18 15:17:24 Making request to URL: https://hapi.fhir.org/baseR4/Encounter?date=2025-07-01
2025/08/18 15:17:25 Buscando practitioner de: https://hapi.fhir.org/baseR4/Practitioner/example
2025/08/18 15:17:25 Invalid encounter found, adding to invalid_encounters set: https://hapi.fhir.org/baseR4/Encounter/48193094
2025/08/18 15:17:25 Invalid encounter found, adding to invalid_encounters set: https://hapi.fhir.org/baseR4/Encounter/48121905
2025/08/18 15:17:25 Invalid encounter found, adding to invalid_encounters set: https://hapi.fhir.org/baseR4/Encounter/48193085
2025/08/18 15:17:25 Making request to URL: https://hapi.fhir.org/baseR4/Practitioner/example
2025/08/18 15:17:25 Buscando practitioner de: https://hapi.fhir.org/baseR4/Practitioner/48103478
2025/08/18 15:17:25 Making request to URL: https://hapi.fhir.org/baseR4/Practitioner/48103478
2025/08/18 15:17:25 Invalid encounter found, adding to invalid_encounters set: https://hapi.fhir.org/baseR4/Encounter/48112207
2025/08/18 15:17:25 Invalid encounter found, adding to invalid_encounters set: https://hapi.fhir.org/baseR4/Encounter/48132347
2025/08/18 15:17:25 Buscando practitioner de: https://hapi.fhir.org/baseR4/Practitioner/48125566
2025/08/18 15:17:25 Invalid encounter found, adding to invalid_encounters set: https://hapi.fhir.org/baseR4/Encounter/48132349
2025/08/18 15:17:25 Invalid encounter found, adding to invalid_encounters set: https://hapi.fhir.org/baseR4/Encounter/48132358
2025/08/18 15:17:25 Buscando practitioner de: https://hapi.fhir.org/baseR4/Practitioner/48124794
2025/08/18 15:17:25 Invalid encounter found, adding to invalid_encounters set: https://hapi.fhir.org/baseR4/Encounter/48132360
2025/08/18 15:17:25 Invalid encounter found, adding to invalid_encounters set: https://hapi.fhir.org/baseR4/Encounter/48193105
2025/08/18 15:17:25 Invalid encounter found, adding to invalid_encounters set: https://hapi.fhir.org/baseR4/Encounter/48254325
2025/08/18 15:17:25 Invalid encounter found, adding to invalid_encounters set: https://hapi.fhir.org/baseR4/Encounter/48121776
2025/08/18 15:17:25 Invalid encounter found, adding to invalid_encounters set: https://hapi.fhir.org/baseR4/Encounter/48158221
2025/08/18 15:17:25 Invalid encounter found, adding to invalid_encounters set: https://hapi.fhir.org/baseR4/Encounter/48193087
2025/08/18 15:17:25 Invalid encounter found, adding to invalid_encounters set: https://hapi.fhir.org/baseR4/Encounter/48193090
2025/08/18 15:17:25 Invalid encounter found, adding to invalid_encounters set: https://hapi.fhir.org/baseR4/Encounter/48193098
2025/08/18 15:17:25 Invalid encounter found, adding to invalid_encounters set: https://hapi.fhir.org/baseR4/Encounter/48193092
2025/08/18 15:17:25 Making request to URL: https://hapi.fhir.org/baseR4/Practitioner/48125566
2025/08/18 15:17:25 Making request to URL: https://hapi.fhir.org/baseR4/Practitioner/48124794
2025/08/18 15:17:26 Buscando paciente de: https://hapi.fhir.org/baseR4/Patient/48103477
2025/08/18 15:17:26 Making request to URL: https://hapi.fhir.org/baseR4/Patient/48103477
2025/08/18 15:17:26 Buscando paciente de: https://hapi.fhir.org/baseR4/Patient/597296
2025/08/18 15:17:26 Making request to URL: https://hapi.fhir.org/baseR4/Patient/597296
2025/08/18 15:17:27 Buscando paciente de: https://hapi.fhir.org/baseR4/Patient/48125565
2025/08/18 15:17:27 Making request to URL: https://hapi.fhir.org/baseR4/Patient/48125565
2025/08/18 15:17:27 Buscando paciente de: https://hapi.fhir.org/baseR4/Patient/48124793
2025/08/18 15:17:27 Making request to URL: https://hapi.fhir.org/baseR4/Patient/48124793
2025/08/18 15:17:28 Mensagem sendo enviada: {
  "encounter": {
    "fhirId": "48103479",
    "fullUrl": "https://hapi.fhir.org/baseR4/Encounter/48103479",
    "status": "finished",
    "class": "VR",
    "period": {
      "start": "2025-07-01T18:40:00-04:00",
      "end": "2025-07-01T19:00:00-04:00"
    },
    "practitionerId": "48103478",
    "patientId": "48103477"
  },
  "practitioner": {
    "fhirId": "48103478",
    "givenName": "Emily",
    "familyName": "Smith"
  },
  "patient": {
    "id": "48103477",
    "givenName": "John",
    "familyName": "Patrick",
    "birthDate": "1992-01-10",
    "gender": "male"
  }
}
2025/08/18 15:17:28 Sending message to SQS for client 001
2025/08/18 15:17:28 Message successfully sent to SQS for client 001
2025/08/18 15:17:28 Mensagem sendo enviada: {
  "encounter": {
    "fhirId": "48479708",
    "fullUrl": "https://hapi.fhir.org/baseR4/Encounter/48479708",
    "status": "finished",
    "class": "AMB",
    "period": {
      "start": "2025-07-01T10:00:00-05:00",
      "end": "2025-07-01T11:00:00-05:00"
    },
    "practitionerId": "example",
    "patientId": "597296"
  },
  "practitioner": {
    "fhirId": "example",
    "givenName": "John",
    "familyName": "Smith"
  },
  "patient": {
    "id": "597296",
    "givenName": "Jane",
    "familyName": "Doe",
    "birthDate": "1985-07-01",
    "gender": "female"
  }
}
2025/08/18 15:17:28 Sending message to SQS for client 002
2025/08/18 15:17:28 Message successfully sent to SQS for client 002
2025/08/18 15:17:29 Mensagem sendo enviada: {
  "encounter": {
    "fhirId": "48125567",
    "fullUrl": "https://hapi.fhir.org/baseR4/Encounter/48125567",
    "status": "finished",
    "class": "AMB",
    "period": {
      "start": "2025-07-01T21:00:00-04:00",
      "end": "2025-07-01T21:30:00-04:00"
    },
    "practitionerId": "48125566",
    "patientId": "48125565"
  },
  "practitioner": {
    "fhirId": "48125566",
    "givenName": "Dr.",
    "familyName": "George"
  },
  "patient": {
    "id": "48125565",
    "givenName": "Eric",
    "familyName": "Johnson",
    "birthDate": "1985-06-16",
    "gender": "male"
  }
}
2025/08/18 15:17:29 Sending message to SQS for client 002
2025/08/18 15:17:29 Message successfully sent to SQS for client 002
2025/08/18 15:17:29 Mensagem sendo enviada: {
  "encounter": {
    "fhirId": "48124795",
    "fullUrl": "https://hapi.fhir.org/baseR4/Encounter/48124795",
    "status": "finished",
    "class": "AMB",
    "period": {
      "start": "2025-07-01T19:00:00-04:00",
      "end": "2025-07-01T19:15:00-04:00"
    },
    "practitionerId": "48124794",
    "patientId": "48124793"
  },
  "practitioner": {
    "fhirId": "48124794",
    "givenName": "Robert",
    "familyName": "Bob"
  },
  "patient": {
    "id": "48124793",
    "givenName": "Maya",
    "familyName": "Lopez",
    "birthDate": "2020-03-12",
    "gender": "female"
  }
}
2025/08/18 15:17:29 Sending message to SQS for client 001
2025/08/18 15:17:29 Message successfully sent to SQS for client 001
2025/08/18 15:17:29 Processing date: 2025-07-02
2025/08/18 15:17:29 Making request to URL: https://hapi.fhir.org/baseR4/Encounter?date=2025-07-02
2025/08/18 15:17:30 Buscando practitioner de: https://hapi.fhir.org/baseR4/Practitioner/48128367
2025/08/18 15:17:30 Buscando practitioner de: https://hapi.fhir.org/baseR4/Practitioner/48128061
2025/08/18 15:17:30 Making request to URL: https://hapi.fhir.org/baseR4/Practitioner/48128061
2025/08/18 15:17:30 Making request to URL: https://hapi.fhir.org/baseR4/Practitioner/48128367
2025/08/18 15:17:30 Buscando practitioner de: https://hapi.fhir.org/baseR4/Practitioner/48120532
2025/08/18 15:17:30 Making request to URL: https://hapi.fhir.org/baseR4/Practitioner/48120532
2025/08/18 15:17:30 Buscando practitioner de: https://hapi.fhir.org/baseR4/Practitioner/48126585
2025/08/18 15:17:30 Making request to URL: https://hapi.fhir.org/baseR4/Practitioner/48126585
2025/08/18 15:17:30 Buscando practitioner de: https://hapi.fhir.org/baseR4/Practitioner/48127938
2025/08/18 15:17:30 Buscando practitioner de: https://hapi.fhir.org/baseR4/Practitioner/48127704
2025/08/18 15:17:30 Buscando practitioner de: https://hapi.fhir.org/baseR4/Practitioner/48128073
2025/08/18 15:17:30 Making request to URL: https://hapi.fhir.org/baseR4/Practitioner/48128073
2025/08/18 15:17:30 Making request to URL: https://hapi.fhir.org/baseR4/Practitioner/48127938
2025/08/18 15:17:30 Making request to URL: https://hapi.fhir.org/baseR4/Practitioner/48127704
2025/08/18 15:17:31 Buscando paciente de: https://hapi.fhir.org/baseR4/Patient/48128060
2025/08/18 15:17:31 Making request to URL: https://hapi.fhir.org/baseR4/Patient/48128060
2025/08/18 15:17:31 Buscando paciente de: https://hapi.fhir.org/baseR4/Patient/48120533
2025/08/18 15:17:31 Making request to URL: https://hapi.fhir.org/baseR4/Patient/48120533
2025/08/18 15:17:32 Buscando paciente de: https://hapi.fhir.org/baseR4/Patient/48128368
2025/08/18 15:17:32 Making request to URL: https://hapi.fhir.org/baseR4/Patient/48128368
2025/08/18 15:17:32 Buscando paciente de: https://hapi.fhir.org/baseR4/Patient/48128072
2025/08/18 15:17:32 Making request to URL: https://hapi.fhir.org/baseR4/Patient/48128072
2025/08/18 15:17:33 Buscando paciente de: https://hapi.fhir.org/baseR4/Patient/48127703
2025/08/18 15:17:33 Making request to URL: https://hapi.fhir.org/baseR4/Patient/48127703
2025/08/18 15:17:33 Mensagem sendo enviada: {
  "encounter": {
    "fhirId": "48120534",
    "fullUrl": "https://hapi.fhir.org/baseR4/Encounter/48120534",
    "status": "finished",
    "class": "AMB",
    "period": {
      "start": "2025-07-02T00:49:42-04:00",
      "end": "2025-07-02T00:49:42-04:00"
    },
    "practitionerId": "48120532",
    "patientId": "48120533"
  },
  "practitioner": {
    "fhirId": "48120532",
    "givenName": "Debby",
    "familyName": "Dyer"
  },
  "patient": {
    "id": "48120533",
    "givenName": "Anita",
    "familyName": "Roy",
    "birthDate": "1987-01-01",
    "gender": "female"
  }
}
2025/08/18 15:17:33 Sending message to SQS for client 001
2025/08/18 15:17:33 Message successfully sent to SQS for client 001
2025/08/18 15:17:34 Buscando paciente de: https://hapi.fhir.org/baseR4/Patient/48127939
2025/08/18 15:17:34 Making request to URL: https://hapi.fhir.org/baseR4/Patient/48127939
2025/08/18 15:17:34 Mensagem sendo enviada: {
  "encounter": {
    "fhirId": "48128074",
    "fullUrl": "https://hapi.fhir.org/baseR4/Encounter/48128074",
    "status": "finished",
    "class": "VR",
    "period": {
      "start": "2025-07-02T18:30:00-04:00",
      "end": "2025-07-02T18:45:00-04:00"
    },
    "practitionerId": "48128073",
    "patientId": "48128072"
  },
  "practitioner": {
    "fhirId": "48128073",
    "givenName": "Emma",
    "familyName": "Ashley"
  },
  "patient": {
    "id": "48128072",
    "givenName": "Liam",
    "familyName": "Carter",
    "birthDate": "2011-05-12",
    "gender": "male"
  }
}
2025/08/18 15:17:34 Sending message to SQS for client 002
2025/08/18 15:17:34 Message successfully sent to SQS for client 002
2025/08/18 15:17:35 Buscando paciente de: https://hapi.fhir.org/baseR4/Patient/48126586
2025/08/18 15:17:35 Making request to URL: https://hapi.fhir.org/baseR4/Patient/48126586
2025/08/18 15:17:35 Mensagem sendo enviada: {
  "encounter": {
    "fhirId": "48126587",
    "fullUrl": "https://hapi.fhir.org/baseR4/Encounter/48126587",
    "status": "finished",
    "class": "AMB",
    "period": {
      "start": "2025-07-02T17:25:28-04:00",
      "end": "2025-07-02T17:25:28-04:00"
    },
    "practitionerId": "48126585",
    "patientId": "48126586"
  },
  "practitioner": {
    "fhirId": "48126585",
    "givenName": "Elena",
    "familyName": "Garcia"
  },
  "patient": {
    "id": "48126586",
    "givenName": "Rahul",
    "familyName": "Mehta",
    "birthDate": "1982-01-01",
    "gender": "male"
  }
}
2025/08/18 15:17:35 Sending message to SQS for client 002
2025/08/18 15:17:35 Message successfully sent to SQS for client 002
2025/08/18 15:17:36 Mensagem sendo enviada: {
  "encounter": {
    "fhirId": "48128062",
    "fullUrl": "https://hapi.fhir.org/baseR4/Encounter/48128062",
    "status": "finished",
    "class": "VR",
    "period": {
      "start": "2025-07-02T18:30:00-04:00",
      "end": "2025-07-02T18:45:00-04:00"
    },
    "practitionerId": "48128061",
    "patientId": "48128060"
  },
  "practitioner": {
    "fhirId": "48128061",
    "givenName": "Emma",
    "familyName": "Ashley"
  },
  "patient": {
    "id": "48128060",
    "givenName": "Liam",
    "familyName": "Carter",
    "birthDate": "2011-05-12",
    "gender": "male"
  }
}
2025/08/18 15:17:36 Sending message to SQS for client 001
2025/08/18 15:17:36 Message successfully sent to SQS for client 001
2025/08/18 15:17:37 Mensagem sendo enviada: {
  "encounter": {
    "fhirId": "48128369",
    "fullUrl": "https://hapi.fhir.org/baseR4/Encounter/48128369",
    "status": "finished",
    "class": "AMB",
    "period": {
      "start": "2025-07-02T20:59:08-04:00",
      "end": "2025-07-02T20:59:08-04:00"
    },
    "practitionerId": "48128367",
    "patientId": "48128368"
  },
  "practitioner": {
    "fhirId": "48128367",
    "givenName": "Emily",
    "familyName": "Chen"
  },
  "patient": {
    "id": "48128368",
    "givenName": "Michael",
    "familyName": "Turner",
    "birthDate": "1984-12-09",
    "gender": "male"
  }
}
2025/08/18 15:17:37 Sending message to SQS for client 001
2025/08/18 15:17:37 Message successfully sent to SQS for client 001
2025/08/18 15:17:38 Mensagem sendo enviada: {
  "encounter": {
    "fhirId": "48127705",
    "fullUrl": "https://hapi.fhir.org/baseR4/Encounter/48127705",
    "status": "finished",
    "class": "AMB",
    "period": {
      "start": "2025-07-02T10:00:00Z",
      "end": "2025-07-02T10:15:00Z"
    },
    "practitionerId": "48127704",
    "patientId": "48127703"
  },
  "practitioner": {
    "fhirId": "48127704",
    "givenName": "Emily",
    "familyName": "Emily"
  },
  "patient": {
    "id": "48127703",
    "givenName": "Riya",
    "familyName": "Sharma",
    "birthDate": "1993-02-01",
    "gender": "female"
  }
}
2025/08/18 15:17:38 Sending message to SQS for client 001
2025/08/18 15:17:38 Message successfully sent to SQS for client 001
2025/08/18 15:17:39 Mensagem sendo enviada: {
  "encounter": {
    "fhirId": "48127940",
    "fullUrl": "https://hapi.fhir.org/baseR4/Encounter/48127940",
    "status": "finished",
    "class": "AMB",
    "period": {
      "start": "2025-07-02T19:20:33-04:00",
      "end": "2025-07-02T19:20:33-04:00"
    },
    "practitionerId": "48127938",
    "patientId": "48127939"
  },
  "practitioner": {
    "fhirId": "48127938",
    "givenName": "Samuel",
    "familyName": "Bennett"
  },
  "patient": {
    "id": "48127939",
    "givenName": "Sarah",
    "familyName": "Lang",
    "birthDate": "1990-03-14",
    "gender": "female"
  }
}
2025/08/18 15:17:39 Sending message to SQS for client 002
2025/08/18 15:17:39 Message successfully sent to SQS for client 002
2025/08/18 15:17:39 Processing date: 2025-07-03
2025/08/18 15:17:39 Making request to URL: https://hapi.fhir.org/baseR4/Encounter?date=2025-07-03
2025/08/18 15:17:39 Nenhum encontro encontrado para a data: 2025-07-03
2025/08/18 15:17:39 Processing date: 2025-07-04
2025/08/18 15:17:39 Making request to URL: https://hapi.fhir.org/baseR4/Encounter?date=2025-07-04
2025/08/18 15:17:40 Nenhum encontro encontrado para a data: 2025-07-04
2025/08/18 15:17:40 Processing date: 2025-07-05
2025/08/18 15:17:40 Making request to URL: https://hapi.fhir.org/baseR4/Encounter?date=2025-07-05
2025/08/18 15:17:41 Invalid encounter found, adding to invalid_encounters set: https://hapi.fhir.org/baseR4/Encounter/48166090
2025/08/18 15:17:41 Processing date: 2025-07-06
2025/08/18 15:17:41 Making request to URL: https://hapi.fhir.org/baseR4/Encounter?date=2025-07-06
2025/08/18 15:17:42 Buscando practitioner de: https://hapi.fhir.org/baseR4/Practitioner/48195451
2025/08/18 15:17:42 Making request to URL: https://hapi.fhir.org/baseR4/Practitioner/48195451
2025/08/18 15:17:43 Buscando paciente de: https://hapi.fhir.org/baseR4/Patient/48195452
2025/08/18 15:17:43 Making request to URL: https://hapi.fhir.org/baseR4/Patient/48195452
2025/08/18 21:07:09 Checking previous date processed in cache
2025/08/18 21:07:09 Resuming from last processed date: 2025-07-05
2025/08/18 21:07:09 **** currentDate **** 2025-07-05 00:00:00 +0000 UTC
2025/08/18 21:07:09 Processing date: 2025-07-05
2025/08/18 21:07:09 Making request to URL: https://hapi.fhir.org/baseR4/Encounter?date=2025-07-05
2025/08/18 21:07:10 Invalid encounter found, adding to invalid_encounters set: https://hapi.fhir.org/baseR4/Encounter/48166090
2025/08/18 21:07:10 Processing date: 2025-07-06
2025/08/18 21:07:10 Making request to URL: https://hapi.fhir.org/baseR4/Encounter?date=2025-07-06
2025/08/18 21:07:11 Buscando practitioner de: https://hapi.fhir.org/baseR4/Practitioner/48195451
2025/08/18 21:07:11 Making request to URL: https://hapi.fhir.org/baseR4/Practitioner/48195451
2025/08/18 21:07:12 Buscando paciente de: https://hapi.fhir.org/baseR4/Patient/48195452
2025/08/18 21:07:12 Making request to URL: https://hapi.fhir.org/baseR4/Patient/48195452
2025/08/18 21:07:13 Mensagem sendo enviada: {
  "encounter": {
    "fhirId": "48195453",
    "fullUrl": "https://hapi.fhir.org/baseR4/Encounter/48195453",
    "status": "finished",
    "class": "AMB",
    "period": {
      "start": "2025-07-06T09:10:32-04:00",
      "end": "2025-07-06T09:10:32-04:00"
    },
    "practitionerId": "48195451",
    "patientId": "48195452"
  },
  "practitioner": {
    "fhirId": "48195451",
    "givenName": "Neha",
    "familyName": "Patel"
  },
  "patient": {
    "id": "48195452",
    "givenName": "Priya",
    "familyName": "Desai",
    "birthDate": "1996-08-21",
    "gender": "female"
  }
}
2025/08/18 21:07:13 Sending message to SQS for client 001
2025/08/18 21:07:13 Message successfully sent to SQS for client 001
2025/08/18 21:07:13 Processing date: 2025-07-07
2025/08/18 21:07:13 Making request to URL: https://hapi.fhir.org/baseR4/Encounter?date=2025-07-07
2025/08/18 21:07:14 Buscando practitioner de: https://hapi.fhir.org/baseR4/Practitioner/48225078
2025/08/18 21:07:14 Making request to URL: https://hapi.fhir.org/baseR4/Practitioner/48225078
2025/08/18 21:07:14 Buscando practitioner de: https://hapi.fhir.org/baseR4/Practitioner/48190293
2025/08/18 21:07:14 Making request to URL: https://hapi.fhir.org/baseR4/Practitioner/48190293
2025/08/18 21:07:15 Buscando paciente de: https://hapi.fhir.org/baseR4/Patient/48190294
2025/08/18 21:07:15 Making request to URL: https://hapi.fhir.org/baseR4/Patient/48190294
